./build/libs/mimiki-0.0.1-SNAPSHOT-plain.war에 기본 Manifest 속성이 없습니다.

  .   ____          _            __ _ _
 /\\ / ___'_ __ _ _(_)_ __  __ _ \ \ \ \
( ( )\___ | '_ | '_| | '_ \/ _` | \ \ \ \
 \\/  ___)| |_)| | | | | || (_| |  ) ) ) )
  '  |____| .__|_| |_|_| |_\__, | / / / /
 =========|_|==============|___/=/_/_/_/
 :: Spring Boot ::                (v2.7.1)

2023-07-29 20:44:07.682  INFO 50974 --- [           main] com.likelion.mimiki.MimikiApplication    : Starting MimikiApplication using Java 11.0.18 on song-gihun-ui-MacBookAir.local with PID 50974 (/Users/song-gihun/IdeaProjects/mimiki_back/mimiki/build/libs/mimiki-0.0.1-SNAPSHOT.war started by song-gihun in /Users/song-gihun/IdeaProjects/mimiki_back/mimiki)
2023-07-29 20:44:07.684  INFO 50974 --- [           main] com.likelion.mimiki.MimikiApplication    : No active profile set, falling back to 1 default profile: "default"
2023-07-29 20:44:08.285  INFO 50974 --- [           main] .s.d.r.c.RepositoryConfigurationDelegate : Bootstrapping Spring Data JPA repositories in DEFAULT mode.
2023-07-29 20:44:08.331  INFO 50974 --- [           main] .s.d.r.c.RepositoryConfigurationDelegate : Finished Spring Data repository scanning in 35 ms. Found 1 JPA repository interfaces.
2023-07-29 20:44:09.161  INFO 50974 --- [           main] o.s.b.w.embedded.tomcat.TomcatWebServer  : Tomcat initialized with port(s): 8080 (http)
2023-07-29 20:44:09.196  INFO 50974 --- [           main] o.apache.catalina.core.StandardService   : Starting service [Tomcat]
2023-07-29 20:44:09.196  INFO 50974 --- [           main] org.apache.catalina.core.StandardEngine  : Starting Servlet engine: [Apache Tomcat/9.0.64]
2023-07-29 20:44:11.140  INFO 50974 --- [           main] o.a.c.c.C.[Tomcat].[localhost].[/]       : Initializing Spring embedded WebApplicationContext
2023-07-29 20:44:11.140  INFO 50974 --- [           main] w.s.c.ServletWebServerApplicationContext : Root WebApplicationContext: initialization completed in 3409 ms
2023-07-29 20:44:11.290  INFO 50974 --- [           main] o.hibernate.jpa.internal.util.LogHelper  : HHH000204: Processing PersistenceUnitInfo [name: default]
2023-07-29 20:44:11.325  INFO 50974 --- [           main] org.hibernate.Version                    : HHH000412: Hibernate ORM core version 5.6.9.Final
2023-07-29 20:44:11.460  INFO 50974 --- [           main] o.hibernate.annotations.common.Version   : HCANN000001: Hibernate Commons Annotations {5.1.2.Final}
2023-07-29 20:44:11.546  INFO 50974 --- [           main] com.zaxxer.hikari.HikariDataSource       : HikariPool-1 - Starting...
2023-07-29 20:44:11.684  INFO 50974 --- [           main] com.zaxxer.hikari.HikariDataSource       : HikariPool-1 - Start completed.
2023-07-29 20:44:11.705  INFO 50974 --- [           main] org.hibernate.dialect.Dialect            : HHH000400: Using dialect: org.hibernate.dialect.MySQL8Dialect
Hibernate: 
    
    drop table if exists WikiPage
Hibernate: 
    
    create table WikiPage (
       id bigint not null auto_increment,
        content varchar(255),
        title varchar(255),
        primary key (id)
    ) engine=InnoDB
2023-07-29 20:44:12.186  INFO 50974 --- [           main] o.h.e.t.j.p.i.JtaPlatformInitiator       : HHH000490: Using JtaPlatform implementation: [org.hibernate.engine.transaction.jta.platform.internal.NoJtaPlatform]
2023-07-29 20:44:12.195  INFO 50974 --- [           main] j.LocalContainerEntityManagerFactoryBean : Initialized JPA EntityManagerFactory for persistence unit 'default'
2023-07-29 20:44:12.718  INFO 50974 --- [           main] o.s.b.w.embedded.tomcat.TomcatWebServer  : Tomcat started on port(s): 8080 (http) with context path ''
2023-07-29 20:44:12.724  INFO 50974 --- [           main] com.likelion.mimiki.MimikiApplication    : Started MimikiApplication in 5.421 seconds (JVM running for 5.775)
2023-07-29 20:44:15.361  INFO 50974 --- [nio-8080-exec-1] o.a.c.c.C.[Tomcat].[localhost].[/]       : Initializing Spring DispatcherServlet 'dispatcherServlet'
2023-07-29 20:44:15.361  INFO 50974 --- [nio-8080-exec-1] o.s.web.servlet.DispatcherServlet        : Initializing Servlet 'dispatcherServlet'
2023-07-29 20:44:15.362  INFO 50974 --- [nio-8080-exec-1] o.s.web.servlet.DispatcherServlet        : Completed initialization in 1 ms
